c:\users\dns\desktop\прога вуз\2 kurs\аисд\lab2_cpp\lab2\sortfunc\x64\debug\vc143.pdb
c:\users\dns\desktop\прога вуз\2 kurs\аисд\lab2_cpp\lab2\sortfunc\x64\debug\vc143.idb
c:\users\dns\desktop\прога вуз\2 kurs\аисд\lab2_cpp\lab2\sortfunc\x64\debug\split.obj
c:\users\dns\desktop\прога вуз\2 kurs\аисд\lab2_cpp\lab2\sortfunc\x64\debug\shellsort3.obj
c:\users\dns\desktop\прога вуз\2 kurs\аисд\lab2_cpp\lab2\sortfunc\x64\debug\shellsort2.obj
c:\users\dns\desktop\прога вуз\2 kurs\аисд\lab2_cpp\lab2\sortfunc\x64\debug\shellsort1.obj
c:\users\dns\desktop\прога вуз\2 kurs\аисд\lab2_cpp\lab2\sortfunc\x64\debug\selectionsort.obj
c:\users\dns\desktop\прога вуз\2 kurs\аисд\lab2_cpp\lab2\sortfunc\x64\debug\quicksort.obj
c:\users\dns\desktop\прога вуз\2 kurs\аисд\lab2_cpp\lab2\sortfunc\x64\debug\outarray.obj
c:\users\dns\desktop\прога вуз\2 kurs\аисд\lab2_cpp\lab2\sortfunc\x64\debug\mergesort.obj
c:\users\dns\desktop\прога вуз\2 kurs\аисд\lab2_cpp\lab2\sortfunc\x64\debug\main.obj
c:\users\dns\desktop\прога вуз\2 kurs\аисд\lab2_cpp\lab2\sortfunc\x64\debug\insertionsort.obj
c:\users\dns\desktop\прога вуз\2 kurs\аисд\lab2_cpp\lab2\sortfunc\x64\debug\heapsort.obj
c:\users\dns\desktop\прога вуз\2 kurs\аисд\lab2_cpp\lab2\sortfunc\x64\debug\callsort.obj
c:\users\dns\desktop\прога вуз\2 kurs\аисд\lab2_cpp\lab2\sortfunc\x64\debug\bubblesort.obj
c:\users\dns\desktop\прога вуз\2 kurs\аисд\lab2_cpp\lab2\x64\debug\sortfunc.exe
c:\users\dns\desktop\прога вуз\2 kurs\аисд\lab2_cpp\lab2\sortfunc\x64\debug\sortfunc.ilk
c:\users\dns\desktop\прога вуз\2 kurs\аисд\lab2_cpp\lab2\x64\debug\sortfunc.pdb
c:\users\dns\desktop\прога вуз\2 kurs\аисд\lab2_cpp\lab2\sortfunc\x64\debug\sortfunc.tlog\cl.command.1.tlog
c:\users\dns\desktop\прога вуз\2 kurs\аисд\lab2_cpp\lab2\sortfunc\x64\debug\sortfunc.tlog\cl.read.1.tlog
c:\users\dns\desktop\прога вуз\2 kurs\аисд\lab2_cpp\lab2\sortfunc\x64\debug\sortfunc.tlog\cl.write.1.tlog
c:\users\dns\desktop\прога вуз\2 kurs\аисд\lab2_cpp\lab2\sortfunc\x64\debug\sortfunc.tlog\link.command.1.tlog
c:\users\dns\desktop\прога вуз\2 kurs\аисд\lab2_cpp\lab2\sortfunc\x64\debug\sortfunc.tlog\link.read.1.tlog
c:\users\dns\desktop\прога вуз\2 kurs\аисд\lab2_cpp\lab2\sortfunc\x64\debug\sortfunc.tlog\link.write.1.tlog
